[debug] [2024-02-12T15:26:28.895Z] ----------------------------------------------------------------------
[debug] [2024-02-12T15:26:28.897Z] Command:       /usr/local/bin/firebase /Users/wasanyang/.cache/firebase/tools/lib/node_modules/firebase-tools/lib/bin/firebase deploy
[debug] [2024-02-12T15:26:28.897Z] CLI Version:   12.7.0
[debug] [2024-02-12T15:26:28.897Z] Platform:      darwin
[debug] [2024-02-12T15:26:28.897Z] Node Version:  v16.16.0
[debug] [2024-02-12T15:26:28.898Z] Time:          Mon Feb 12 2024 22:26:28 GMT+0700 (Indochina Time)
[debug] [2024-02-12T15:26:28.899Z] ----------------------------------------------------------------------
[debug] 
[debug] [2024-02-12T15:26:28.973Z] > command requires scopes: ["email","openid","https://www.googleapis.com/auth/cloudplatformprojects.readonly","https://www.googleapis.com/auth/firebase","https://www.googleapis.com/auth/cloud-platform"]
[debug] [2024-02-12T15:26:28.974Z] > authorizing via signed-in user (esxy26@gmail.com)
[debug] [2024-02-12T15:26:28.974Z] [iam] checking project wasan-wedding-85a75 for permissions ["firebase.projects.get","firebasehosting.sites.update"]
[debug] [2024-02-12T15:26:28.976Z] >>> [apiv2][query] POST https://cloudresourcemanager.googleapis.com/v1/projects/wasan-wedding-85a75:testIamPermissions [none]
[debug] [2024-02-12T15:26:28.976Z] >>> [apiv2][(partial)header] POST https://cloudresourcemanager.googleapis.com/v1/projects/wasan-wedding-85a75:testIamPermissions x-goog-quota-user=projects/wasan-wedding-85a75
[debug] [2024-02-12T15:26:28.976Z] >>> [apiv2][body] POST https://cloudresourcemanager.googleapis.com/v1/projects/wasan-wedding-85a75:testIamPermissions {"permissions":["firebase.projects.get","firebasehosting.sites.update"]}
[debug] [2024-02-12T15:26:30.625Z] <<< [apiv2][status] POST https://cloudresourcemanager.googleapis.com/v1/projects/wasan-wedding-85a75:testIamPermissions 200
[debug] [2024-02-12T15:26:30.625Z] <<< [apiv2][body] POST https://cloudresourcemanager.googleapis.com/v1/projects/wasan-wedding-85a75:testIamPermissions {"permissions":["firebase.projects.get","firebasehosting.sites.update"]}
[debug] [2024-02-12T15:26:30.627Z] >>> [apiv2][query] GET https://firebase.googleapis.com/v1beta1/projects/wasan-wedding-85a75 [none]
[debug] [2024-02-12T15:26:31.328Z] <<< [apiv2][status] GET https://firebase.googleapis.com/v1beta1/projects/wasan-wedding-85a75 200
[debug] [2024-02-12T15:26:31.328Z] <<< [apiv2][body] GET https://firebase.googleapis.com/v1beta1/projects/wasan-wedding-85a75 {"projectId":"wasan-wedding-85a75","projectNumber":"467233962138","displayName":"wasan-wedding","name":"projects/wasan-wedding-85a75","resources":{"hostingSite":"wasan-wedding-85a75"},"state":"ACTIVE","etag":"1_d6401e79-e4fa-4b09-8736-a77aacfc86e2"}
[info] 
   Thank you for trying our early preview of Next.js support on Firebase Hosting.
   During the preview, support is best-effort and breaking changes can be expected. Proceed with caution.

   Documentation: https://firebase.google.com/docs/hosting/frameworks/nextjs
   File a bug: https://github.com/firebase/firebase-tools/issues/new?template=bug_report.md
   Submit a feature request: https://github.com/firebase/firebase-tools/issues/new?template=feature_request.md

   We'd love to learn from you. Express your interest in helping us shape the future of Firebase Hosting: https://goo.gle/41enW5X

[info] You are using Node.js 16.16.0. For Next.js, Node.js version >= v18.17.0 is required.

[debug] [2024-02-12T15:26:39.359Z] Error: ENOENT: no such file or directory, open '/Users/wasanyang/Documents/GitHub/wasanyang/wasan-kamolrat-wedding/wedding/.next/export-marker.json'
[error] 
[error] Error: An unexpected error has occurred.
